<component name="libraryTable">
  <library name="junit-4.12_a67479aa">
    <CLASSES>
      <root url="jar:///private/var/tmp/_bazel_wangyao/1e6a7aee4d655dafc4d7d048299fd5b3/execroot/org_onosproject_onos/external/junit/junit-4.12.jar!/" />
    </CLASSES>
    <JAVADOC />
    <SOURCES />
  </library>
</component>